{"/Users/sdoherty/Documents/capstone/capstone-react-frontend/src/components/Checkout.css": {"path":"/Users/sdoherty/Documents/capstone/capstone-react-frontend/src/components/Checkout.css","statementMap":{},"fnMap":{},"branchMap":{},"s":{},"f":{},"b":{},"meta":{"lastBranch":0,"lastFunction":0,"lastStatement":0,"seen":{}}}
,"/Users/sdoherty/Documents/capstone/capstone-react-frontend/src/components/Checkout.tsx": {"path":"/Users/sdoherty/Documents/capstone/capstone-react-frontend/src/components/Checkout.tsx","statementMap":{"0":{"start":{"line":10,"column":21},"end":{"line":10,"column":58}},"1":{"start":{"line":11,"column":25},"end":{"line":11,"column":null}},"2":{"start":{"line":12,"column":2},"end":{"line":12,"column":null}},"3":{"start":{"line":17,"column":17},"end":{"line":17,"column":41}},"4":{"start":{"line":19,"column":2},"end":{"line":20,"column":null}},"5":{"start":{"line":20,"column":4},"end":{"line":20,"column":null}},"6":{"start":{"line":23,"column":12},"end":{"line":23,"column":null}},"7":{"start":{"line":24,"column":21},"end":{"line":24,"column":null}},"8":{"start":{"line":26,"column":2},"end":{"line":37,"column":null}},"9":{"start":{"line":26,"column":19},"end":{"line":26,"column":38}},"10":{"start":{"line":27,"column":16},"end":{"line":27,"column":37}},"11":{"start":{"line":29,"column":4},"end":{"line":32,"column":null}},"12":{"start":{"line":30,"column":6},"end":{"line":30,"column":null}},"13":{"start":{"line":31,"column":6},"end":{"line":32,"column":null}},"14":{"start":{"line":32,"column":8},"end":{"line":32,"column":null}},"15":{"start":{"line":36,"column":4},"end":{"line":36,"column":null}},"16":{"start":{"line":37,"column":4},"end":{"line":37,"column":null}},"17":{"start":{"line":40,"column":2},"end":{"line":40,"column":null}},"18":{"start":{"line":44,"column":16},"end":{"line":44,"column":35}},"19":{"start":{"line":45,"column":15},"end":{"line":45,"column":33}},"20":{"start":{"line":47,"column":2},"end":{"line":48,"column":null}},"21":{"start":{"line":48,"column":4},"end":{"line":48,"column":null}},"22":{"start":{"line":51,"column":14},"end":{"line":51,"column":24}},"23":{"start":{"line":52,"column":23},"end":{"line":52,"column":null}},"24":{"start":{"line":53,"column":22},"end":{"line":53,"column":39}},"25":{"start":{"line":55,"column":2},"end":{"line":55,"column":null}},"26":{"start":{"line":59,"column":8},"end":{"line":59,"column":32}},"27":{"start":{"line":60,"column":23},"end":{"line":60,"column":52}},"28":{"start":{"line":61,"column":78},"end":{"line":61,"column":101}},"29":{"start":{"line":62,"column":14},"end":{"line":62,"column":36}},"30":{"start":{"line":63,"column":22},"end":{"line":63,"column":52}},"31":{"start":{"line":64,"column":21},"end":{"line":64,"column":50}},"32":{"start":{"line":65,"column":14},"end":{"line":65,"column":36}},"33":{"start":{"line":66,"column":21},"end":{"line":66,"column":68}},"34":{"start":{"line":67,"column":14},"end":{"line":67,"column":37}},"35":{"start":{"line":68,"column":23},"end":{"line":68,"column":57}},"36":{"start":{"line":69,"column":22},"end":{"line":69,"column":69}},"37":{"start":{"line":71,"column":20},"end":{"line":71,"column":36}},"38":{"start":{"line":72,"column":14},"end":{"line":72,"column":47}},"39":{"start":{"line":73,"column":21},"end":{"line":73,"column":null}},"40":{"start":{"line":76,"column":4},"end":{"line":76,"column":null}},"41":{"start":{"line":79,"column":4},"end":{"line":81,"column":null}},"42":{"start":{"line":80,"column":6},"end":{"line":80,"column":null}},"43":{"start":{"line":81,"column":6},"end":{"line":81,"column":null}},"44":{"start":{"line":84,"column":4},"end":{"line":86,"column":null}},"45":{"start":{"line":85,"column":6},"end":{"line":85,"column":null}},"46":{"start":{"line":86,"column":6},"end":{"line":86,"column":null}},"47":{"start":{"line":89,"column":4},"end":{"line":91,"column":null}},"48":{"start":{"line":90,"column":6},"end":{"line":90,"column":null}},"49":{"start":{"line":91,"column":6},"end":{"line":91,"column":null}},"50":{"start":{"line":94,"column":4},"end":{"line":96,"column":null}},"51":{"start":{"line":95,"column":6},"end":{"line":95,"column":null}},"52":{"start":{"line":96,"column":6},"end":{"line":96,"column":null}},"53":{"start":{"line":99,"column":4},"end":{"line":101,"column":null}},"54":{"start":{"line":100,"column":6},"end":{"line":100,"column":null}},"55":{"start":{"line":101,"column":6},"end":{"line":101,"column":null}},"56":{"start":{"line":106,"column":4},"end":{"line":106,"column":null}},"57":{"start":{"line":107,"column":4},"end":{"line":107,"column":null}},"58":{"start":{"line":109,"column":4},"end":{"line":143,"column":null}},"59":{"start":{"line":110,"column":18},"end":{"line":110,"column":28}},"60":{"start":{"line":111,"column":33},"end":{"line":111,"column":53}},"61":{"start":{"line":114,"column":27},"end":{"line":126,"column":8}},"62":{"start":{"line":128,"column":25},"end":{"line":134,"column":null}},"63":{"start":{"line":129,"column":8},"end":{"line":134,"column":11}},"64":{"start":{"line":129,"column":53},"end":{"line":134,"column":11}},"65":{"start":{"line":137,"column":6},"end":{"line":137,"column":null}},"66":{"start":{"line":138,"column":6},"end":{"line":138,"column":null}},"67":{"start":{"line":139,"column":6},"end":{"line":139,"column":null}},"68":{"start":{"line":141,"column":6},"end":{"line":141,"column":null}},"69":{"start":{"line":143,"column":6},"end":{"line":143,"column":null}},"70":{"start":{"line":147,"column":2},"end":{"line":277,"column":null}},"71":{"start":{"line":156,"column":14},"end":{"line":190,"column":null}},"72":{"start":{"line":166,"column":43},"end":{"line":166,"column":91}},"73":{"start":{"line":174,"column":43},"end":{"line":174,"column":87}},"74":{"start":{"line":185,"column":35},"end":{"line":185,"column":58}},"75":{"start":{"line":206,"column":37},"end":{"line":206,"column":63}},"76":{"start":{"line":215,"column":37},"end":{"line":215,"column":70}},"77":{"start":{"line":225,"column":37},"end":{"line":225,"column":63}},"78":{"start":{"line":237,"column":39},"end":{"line":237,"column":73}},"79":{"start":{"line":247,"column":39},"end":{"line":247,"column":72}},"80":{"start":{"line":257,"column":39},"end":{"line":257,"column":65}}},"fnMap":{"0":{"name":"getDefaultPickupTime","decl":{"start":{"line":8,"column":9},"end":{"line":8,"column":32}},"loc":{"start":{"line":8,"column":32},"end":{"line":12,"column":null}},"line":8},"1":{"name":"passesLuhn","decl":{"start":{"line":16,"column":9},"end":{"line":16,"column":20}},"loc":{"start":{"line":16,"column":35},"end":{"line":40,"column":null}},"line":16},"2":{"name":"isCardExpired","decl":{"start":{"line":43,"column":9},"end":{"line":43,"column":23}},"loc":{"start":{"line":43,"column":64},"end":{"line":55,"column":null}},"line":43},"3":{"name":"Checkout","decl":{"start":{"line":58,"column":9},"end":{"line":58,"column":20}},"loc":{"start":{"line":58,"column":20},"end":{"line":277,"column":null}},"line":58},"4":{"name":"handleSubmit","decl":{"start":{"line":75,"column":17},"end":{"line":75,"column":30}},"loc":{"start":{"line":75,"column":71},"end":{"line":143,"column":null}},"line":75},"5":{"name":"(anonymous_5)","decl":{"start":{"line":128,"column":31},"end":{"line":128,"column":40}},"loc":{"start":{"line":129,"column":8},"end":{"line":134,"column":11}},"line":129},"6":{"name":"(anonymous_6)","decl":{"start":{"line":129,"column":44},"end":{"line":129,"column":53}},"loc":{"start":{"line":129,"column":53},"end":{"line":134,"column":11}},"line":129},"7":{"name":"(anonymous_7)","decl":{"start":{"line":155,"column":19},"end":{"line":155,"column":24}},"loc":{"start":{"line":156,"column":14},"end":{"line":190,"column":null}},"line":156},"8":{"name":"(anonymous_8)","decl":{"start":{"line":166,"column":22},"end":{"line":166,"column":33}},"loc":{"start":{"line":166,"column":43},"end":{"line":166,"column":91}},"line":166},"9":{"name":"(anonymous_9)","decl":{"start":{"line":174,"column":22},"end":{"line":174,"column":33}},"loc":{"start":{"line":174,"column":43},"end":{"line":174,"column":87}},"line":174},"10":{"name":"(anonymous_10)","decl":{"start":{"line":185,"column":20},"end":{"line":185,"column":35}},"loc":{"start":{"line":185,"column":35},"end":{"line":185,"column":58}},"line":185},"11":{"name":"(anonymous_11)","decl":{"start":{"line":206,"column":16},"end":{"line":206,"column":27}},"loc":{"start":{"line":206,"column":37},"end":{"line":206,"column":63}},"line":206},"12":{"name":"(anonymous_12)","decl":{"start":{"line":215,"column":16},"end":{"line":215,"column":27}},"loc":{"start":{"line":215,"column":37},"end":{"line":215,"column":70}},"line":215},"13":{"name":"(anonymous_13)","decl":{"start":{"line":225,"column":16},"end":{"line":225,"column":27}},"loc":{"start":{"line":225,"column":37},"end":{"line":225,"column":63}},"line":225},"14":{"name":"(anonymous_14)","decl":{"start":{"line":237,"column":18},"end":{"line":237,"column":29}},"loc":{"start":{"line":237,"column":39},"end":{"line":237,"column":73}},"line":237},"15":{"name":"(anonymous_15)","decl":{"start":{"line":247,"column":18},"end":{"line":247,"column":29}},"loc":{"start":{"line":247,"column":39},"end":{"line":247,"column":72}},"line":247},"16":{"name":"(anonymous_16)","decl":{"start":{"line":257,"column":18},"end":{"line":257,"column":29}},"loc":{"start":{"line":257,"column":39},"end":{"line":257,"column":65}},"line":257}},"branchMap":{"0":{"loc":{"start":{"line":19,"column":2},"end":{"line":20,"column":null}},"type":"if","locations":[{"start":{"line":19,"column":2},"end":{"line":20,"column":null}},{"start":{},"end":{}}],"line":19},"1":{"loc":{"start":{"line":29,"column":4},"end":{"line":32,"column":null}},"type":"if","locations":[{"start":{"line":29,"column":4},"end":{"line":32,"column":null}},{"start":{},"end":{}}],"line":29},"2":{"loc":{"start":{"line":31,"column":6},"end":{"line":32,"column":null}},"type":"if","locations":[{"start":{"line":31,"column":6},"end":{"line":32,"column":null}},{"start":{},"end":{}}],"line":31},"3":{"loc":{"start":{"line":47,"column":2},"end":{"line":48,"column":null}},"type":"if","locations":[{"start":{"line":47,"column":2},"end":{"line":48,"column":null}},{"start":{},"end":{}}],"line":47},"4":{"loc":{"start":{"line":47,"column":6},"end":{"line":47,"column":23}},"type":"binary-expr","locations":[{"start":{"line":47,"column":6},"end":{"line":47,"column":16}},{"start":{"line":47,"column":16},"end":{"line":47,"column":23}}],"line":47},"5":{"loc":{"start":{"line":55,"column":9},"end":{"line":55,"column":null}},"type":"binary-expr","locations":[{"start":{"line":55,"column":9},"end":{"line":55,"column":32}},{"start":{"line":55,"column":32},"end":{"line":55,"column":56}},{"start":{"line":55,"column":56},"end":{"line":55,"column":null}}],"line":55},"6":{"loc":{"start":{"line":71,"column":27},"end":{"line":71,"column":36}},"type":"binary-expr","locations":[{"start":{"line":71,"column":27},"end":{"line":71,"column":34}},{"start":{"line":71,"column":34},"end":{"line":71,"column":36}}],"line":71},"7":{"loc":{"start":{"line":79,"column":4},"end":{"line":81,"column":null}},"type":"if","locations":[{"start":{"line":79,"column":4},"end":{"line":81,"column":null}},{"start":{},"end":{}}],"line":79},"8":{"loc":{"start":{"line":79,"column":8},"end":{"line":79,"column":42}},"type":"binary-expr","locations":[{"start":{"line":79,"column":8},"end":{"line":79,"column":28}},{"start":{"line":79,"column":28},"end":{"line":79,"column":42}}],"line":79},"9":{"loc":{"start":{"line":84,"column":4},"end":{"line":86,"column":null}},"type":"if","locations":[{"start":{"line":84,"column":4},"end":{"line":86,"column":null}},{"start":{},"end":{}}],"line":84},"10":{"loc":{"start":{"line":89,"column":4},"end":{"line":91,"column":null}},"type":"if","locations":[{"start":{"line":89,"column":4},"end":{"line":91,"column":null}},{"start":{},"end":{}}],"line":89},"11":{"loc":{"start":{"line":94,"column":4},"end":{"line":96,"column":null}},"type":"if","locations":[{"start":{"line":94,"column":4},"end":{"line":96,"column":null}},{"start":{},"end":{}}],"line":94},"12":{"loc":{"start":{"line":99,"column":4},"end":{"line":101,"column":null}},"type":"if","locations":[{"start":{"line":99,"column":4},"end":{"line":101,"column":null}},{"start":{},"end":{}}],"line":99},"13":{"loc":{"start":{"line":133,"column":21},"end":{"line":133,"column":null}},"type":"binary-expr","locations":[{"start":{"line":133,"column":21},"end":{"line":133,"column":39}},{"start":{"line":133,"column":39},"end":{"line":133,"column":null}}],"line":133},"14":{"loc":{"start":{"line":141,"column":21},"end":{"line":141,"column":104}},"type":"cond-expr","locations":[{"start":{"line":141,"column":46},"end":{"line":141,"column":62}},{"start":{"line":141,"column":62},"end":{"line":141,"column":104}}],"line":141},"15":{"loc":{"start":{"line":150,"column":7},"end":{"line":277,"column":null}},"type":"cond-expr","locations":[{"start":{"line":151,"column":8},"end":{"line":153,"column":null}},{"start":{"line":153,"column":8},"end":{"line":277,"column":null}}],"line":150},"16":{"loc":{"start":{"line":267,"column":13},"end":{"line":267,"column":null}},"type":"binary-expr","locations":[{"start":{"line":267,"column":13},"end":{"line":267,"column":28}},{"start":{"line":267,"column":28},"end":{"line":267,"column":null}}],"line":267},"17":{"loc":{"start":{"line":273,"column":17},"end":{"line":273,"column":null}},"type":"cond-expr","locations":[{"start":{"line":273,"column":32},"end":{"line":273,"column":50}},{"start":{"line":273,"column":50},"end":{"line":273,"column":null}}],"line":273}},"s":{"0":3,"1":3,"2":3,"3":2,"4":2,"5":1,"6":1,"7":1,"8":1,"9":1,"10":16,"11":16,"12":8,"13":8,"14":0,"15":16,"16":16,"17":1,"18":1,"19":1,"20":1,"21":0,"22":1,"23":1,"24":1,"25":1,"26":15,"27":15,"28":15,"29":15,"30":15,"31":15,"32":15,"33":15,"34":15,"35":15,"36":15,"37":15,"38":15,"39":15,"40":2,"41":2,"42":0,"43":0,"44":2,"45":0,"46":0,"47":2,"48":1,"49":1,"50":1,"51":0,"52":0,"53":1,"54":0,"55":0,"56":1,"57":1,"58":1,"59":1,"60":1,"61":1,"62":1,"63":2,"64":3,"65":1,"66":1,"67":1,"68":0,"69":1,"70":15,"71":22,"72":0,"73":0,"74":0,"75":1,"76":0,"77":2,"78":2,"79":2,"80":2},"f":{"0":3,"1":2,"2":1,"3":15,"4":2,"5":2,"6":3,"7":22,"8":0,"9":0,"10":0,"11":1,"12":0,"13":2,"14":2,"15":2,"16":2},"b":{"0":[1,1],"1":[8,8],"2":[0,8],"3":[0,1],"4":[1,1],"5":[1,1,0],"6":[15,0],"7":[0,2],"8":[2,2],"9":[0,2],"10":[1,1],"11":[0,1],"12":[0,1],"13":[3,2],"14":[0,0],"15":[1,14],"16":[14,1],"17":[1,13]},"meta":{"lastBranch":18,"lastFunction":17,"lastStatement":81,"seen":{"f:8:9:8:32":0,"s:10:21:10:58":0,"s:11:25:11:Infinity":1,"s:12:2:12:Infinity":2,"f:16:9:16:20":1,"s:17:17:17:41":3,"b:19:2:20:Infinity:undefined:undefined:undefined:undefined":0,"s:19:2:20:Infinity":4,"s:20:4:20:Infinity":5,"s:23:12:23:Infinity":6,"s:24:21:24:Infinity":7,"s:26:2:37:Infinity":8,"s:26:19:26:38":9,"s:27:16:27:37":10,"b:29:4:32:Infinity:undefined:undefined:undefined:undefined":1,"s:29:4:32:Infinity":11,"s:30:6:30:Infinity":12,"b:31:6:32:Infinity:undefined:undefined:undefined:undefined":2,"s:31:6:32:Infinity":13,"s:32:8:32:Infinity":14,"s:36:4:36:Infinity":15,"s:37:4:37:Infinity":16,"s:40:2:40:Infinity":17,"f:43:9:43:23":2,"s:44:16:44:35":18,"s:45:15:45:33":19,"b:47:2:48:Infinity:undefined:undefined:undefined:undefined":3,"s:47:2:48:Infinity":20,"b:47:6:47:16:47:16:47:23":4,"s:48:4:48:Infinity":21,"s:51:14:51:24":22,"s:52:23:52:Infinity":23,"s:53:22:53:39":24,"s:55:2:55:Infinity":25,"b:55:9:55:32:55:32:55:56:55:56:55:Infinity":5,"f:58:9:58:20":3,"s:59:8:59:32":26,"s:60:23:60:52":27,"s:61:78:61:101":28,"s:62:14:62:36":29,"s:63:22:63:52":30,"s:64:21:64:50":31,"s:65:14:65:36":32,"s:66:21:66:68":33,"s:67:14:67:37":34,"s:68:23:68:57":35,"s:69:22:69:69":36,"s:71:20:71:36":37,"b:71:27:71:34:71:34:71:36":6,"s:72:14:72:47":38,"s:73:21:73:Infinity":39,"f:75:17:75:30":4,"s:76:4:76:Infinity":40,"b:79:4:81:Infinity:undefined:undefined:undefined:undefined":7,"s:79:4:81:Infinity":41,"b:79:8:79:28:79:28:79:42":8,"s:80:6:80:Infinity":42,"s:81:6:81:Infinity":43,"b:84:4:86:Infinity:undefined:undefined:undefined:undefined":9,"s:84:4:86:Infinity":44,"s:85:6:85:Infinity":45,"s:86:6:86:Infinity":46,"b:89:4:91:Infinity:undefined:undefined:undefined:undefined":10,"s:89:4:91:Infinity":47,"s:90:6:90:Infinity":48,"s:91:6:91:Infinity":49,"b:94:4:96:Infinity:undefined:undefined:undefined:undefined":11,"s:94:4:96:Infinity":50,"s:95:6:95:Infinity":51,"s:96:6:96:Infinity":52,"b:99:4:101:Infinity:undefined:undefined:undefined:undefined":12,"s:99:4:101:Infinity":53,"s:100:6:100:Infinity":54,"s:101:6:101:Infinity":55,"s:106:4:106:Infinity":56,"s:107:4:107:Infinity":57,"s:109:4:143:Infinity":58,"s:110:18:110:28":59,"s:111:33:111:53":60,"s:114:27:126:8":61,"s:128:25:134:Infinity":62,"f:128:31:128:40":5,"s:129:8:134:11":63,"f:129:44:129:53":6,"s:129:53:134:11":64,"b:133:21:133:39:133:39:133:Infinity":13,"s:137:6:137:Infinity":65,"s:138:6:138:Infinity":66,"s:139:6:139:Infinity":67,"s:141:6:141:Infinity":68,"b:141:46:141:62:141:62:141:104":14,"s:143:6:143:Infinity":69,"s:147:2:277:Infinity":70,"b:151:8:153:Infinity:153:8:277:Infinity":15,"f:155:19:155:24":7,"s:156:14:190:Infinity":71,"f:166:22:166:33":8,"s:166:43:166:91":72,"f:174:22:174:33":9,"s:174:43:174:87":73,"f:185:20:185:35":10,"s:185:35:185:58":74,"f:206:16:206:27":11,"s:206:37:206:63":75,"f:215:16:215:27":12,"s:215:37:215:70":76,"f:225:16:225:27":13,"s:225:37:225:63":77,"f:237:18:237:29":14,"s:237:39:237:73":78,"f:247:18:247:29":15,"s:247:39:247:72":79,"f:257:18:257:29":16,"s:257:39:257:65":80,"b:267:13:267:28:267:28:267:Infinity":16,"b:273:32:273:50:273:50:273:Infinity":17}}}
,"/Users/sdoherty/Documents/capstone/capstone-react-frontend/src/pages/Home.tsx": {"path":"/Users/sdoherty/Documents/capstone/capstone-react-frontend/src/pages/Home.tsx","statementMap":{"0":{"start":{"line":7,"column":20},"end":{"line":7,"column":60}},"1":{"start":{"line":8,"column":18},"end":{"line":8,"column":46}},"2":{"start":{"line":9,"column":16},"end":{"line":9,"column":57}},"3":{"start":{"line":11,"column":2},"end":{"line":16,"column":null}},"4":{"start":{"line":12,"column":4},"end":{"line":15,"column":null}},"5":{"start":{"line":14,"column":29},"end":{"line":14,"column":50}},"6":{"start":{"line":15,"column":21},"end":{"line":15,"column":38}},"7":{"start":{"line":18,"column":2},"end":{"line":18,"column":null}},"8":{"start":{"line":18,"column":15},"end":{"line":18,"column":null}},"9":{"start":{"line":19,"column":2},"end":{"line":19,"column":null}},"10":{"start":{"line":19,"column":13},"end":{"line":19,"column":null}},"11":{"start":{"line":21,"column":2},"end":{"line":26,"column":null}},"12":{"start":{"line":24,"column":8},"end":{"line":24,"column":null}}},"fnMap":{"0":{"name":"Home","decl":{"start":{"line":6,"column":9},"end":{"line":6,"column":16}},"loc":{"start":{"line":6,"column":16},"end":{"line":26,"column":null}},"line":6},"1":{"name":"(anonymous_1)","decl":{"start":{"line":11,"column":2},"end":{"line":11,"column":18}},"loc":{"start":{"line":11,"column":18},"end":{"line":16,"column":7}},"line":11},"2":{"name":"(anonymous_2)","decl":{"start":{"line":14,"column":7},"end":{"line":14,"column":14}},"loc":{"start":{"line":14,"column":29},"end":{"line":14,"column":50}},"line":14},"3":{"name":"(anonymous_3)","decl":{"start":{"line":15,"column":7},"end":{"line":15,"column":21}},"loc":{"start":{"line":15,"column":21},"end":{"line":15,"column":38}},"line":15},"4":{"name":"(anonymous_4)","decl":{"start":{"line":23,"column":17},"end":{"line":23,"column":22}},"loc":{"start":{"line":24,"column":8},"end":{"line":24,"column":null}},"line":24}},"branchMap":{"0":{"loc":{"start":{"line":18,"column":2},"end":{"line":18,"column":null}},"type":"if","locations":[{"start":{"line":18,"column":2},"end":{"line":18,"column":null}},{"start":{},"end":{}}],"line":18},"1":{"loc":{"start":{"line":19,"column":2},"end":{"line":19,"column":null}},"type":"if","locations":[{"start":{"line":19,"column":2},"end":{"line":19,"column":null}},{"start":{},"end":{}}],"line":19}},"s":{"0":4,"1":4,"2":4,"3":4,"4":2,"5":1,"6":2,"7":4,"8":2,"9":2,"10":2,"11":1,"12":2},"f":{"0":4,"1":2,"2":1,"3":2,"4":2},"b":{"0":[2,2],"1":[1,1]},"meta":{"lastBranch":2,"lastFunction":5,"lastStatement":13,"seen":{"f:6:9:6:16":0,"s:7:20:7:60":0,"s:8:18:8:46":1,"s:9:16:9:57":2,"s:11:2:16:Infinity":3,"f:11:2:11:18":1,"s:12:4:15:Infinity":4,"f:14:7:14:14":2,"s:14:29:14:50":5,"f:15:7:15:21":3,"s:15:21:15:38":6,"b:18:2:18:Infinity:undefined:undefined:undefined:undefined":0,"s:18:2:18:Infinity":7,"s:18:15:18:Infinity":8,"b:19:2:19:Infinity:undefined:undefined:undefined:undefined":1,"s:19:2:19:Infinity":9,"s:19:13:19:Infinity":10,"s:21:2:26:Infinity":11,"f:23:17:23:22":4,"s:24:8:24:Infinity":12}}}
,"/Users/sdoherty/Documents/capstone/capstone-react-frontend/src/pages/OrdersPage.tsx": {"path":"/Users/sdoherty/Documents/capstone/capstone-react-frontend/src/pages/OrdersPage.tsx","statementMap":{"0":{"start":{"line":8,"column":23},"end":{"line":8,"column":52}},"1":{"start":{"line":9,"column":17},"end":{"line":9,"column":56}},"2":{"start":{"line":10,"column":23},"end":{"line":10,"column":71}},"3":{"start":{"line":11,"column":16},"end":{"line":11,"column":57}},"4":{"start":{"line":13,"column":18},"end":{"line":13,"column":105}},"5":{"start":{"line":15,"column":2},"end":{"line":30,"column":null}},"6":{"start":{"line":16,"column":4},"end":{"line":17,"column":null}},"7":{"start":{"line":17,"column":6},"end":{"line":17,"column":null}},"8":{"start":{"line":20,"column":4},"end":{"line":29,"column":null}},"9":{"start":{"line":22,"column":8},"end":{"line":22,"column":null}},"10":{"start":{"line":23,"column":8},"end":{"line":23,"column":null}},"11":{"start":{"line":24,"column":8},"end":{"line":24,"column":null}},"12":{"start":{"line":27,"column":8},"end":{"line":27,"column":null}},"13":{"start":{"line":28,"column":8},"end":{"line":28,"column":null}},"14":{"start":{"line":32,"column":2},"end":{"line":32,"column":null}},"15":{"start":{"line":32,"column":15},"end":{"line":32,"column":null}},"16":{"start":{"line":33,"column":2},"end":{"line":33,"column":null}},"17":{"start":{"line":33,"column":40},"end":{"line":33,"column":null}},"18":{"start":{"line":34,"column":2},"end":{"line":34,"column":null}},"19":{"start":{"line":34,"column":13},"end":{"line":34,"column":null}},"20":{"start":{"line":37,"column":2},"end":{"line":42,"column":null}},"21":{"start":{"line":40,"column":8},"end":{"line":40,"column":null}}},"fnMap":{"0":{"name":"OrdersPage","decl":{"start":{"line":7,"column":9},"end":{"line":7,"column":22}},"loc":{"start":{"line":7,"column":22},"end":{"line":42,"column":null}},"line":7},"1":{"name":"(anonymous_1)","decl":{"start":{"line":15,"column":2},"end":{"line":15,"column":18}},"loc":{"start":{"line":15,"column":18},"end":{"line":30,"column":6}},"line":15},"2":{"name":"(anonymous_2)","decl":{"start":{"line":21,"column":7},"end":{"line":21,"column":13}},"loc":{"start":{"line":21,"column":28},"end":{"line":25,"column":null}},"line":21},"3":{"name":"(anonymous_3)","decl":{"start":{"line":26,"column":7},"end":{"line":26,"column":14}},"loc":{"start":{"line":26,"column":29},"end":{"line":29,"column":null}},"line":26},"4":{"name":"(anonymous_4)","decl":{"start":{"line":39,"column":14},"end":{"line":39,"column":19}},"loc":{"start":{"line":40,"column":8},"end":{"line":40,"column":null}},"line":40}},"branchMap":{"0":{"loc":{"start":{"line":13,"column":26},"end":{"line":13,"column":105}},"type":"binary-expr","locations":[{"start":{"line":13,"column":26},"end":{"line":13,"column":46}},{"start":{"line":13,"column":46},"end":{"line":13,"column":62}},{"start":{"line":13,"column":62},"end":{"line":13,"column":98}},{"start":{"line":13,"column":98},"end":{"line":13,"column":105}}],"line":13},"1":{"loc":{"start":{"line":16,"column":4},"end":{"line":17,"column":null}},"type":"if","locations":[{"start":{"line":16,"column":4},"end":{"line":17,"column":null}},{"start":{},"end":{}}],"line":16},"2":{"loc":{"start":{"line":16,"column":8},"end":{"line":16,"column":42}},"type":"binary-expr","locations":[{"start":{"line":16,"column":8},"end":{"line":16,"column":28}},{"start":{"line":16,"column":28},"end":{"line":16,"column":42}}],"line":16},"3":{"loc":{"start":{"line":32,"column":2},"end":{"line":32,"column":null}},"type":"if","locations":[{"start":{"line":32,"column":2},"end":{"line":32,"column":null}},{"start":{},"end":{}}],"line":32},"4":{"loc":{"start":{"line":33,"column":2},"end":{"line":33,"column":null}},"type":"if","locations":[{"start":{"line":33,"column":2},"end":{"line":33,"column":null}},{"start":{},"end":{}}],"line":33},"5":{"loc":{"start":{"line":33,"column":6},"end":{"line":33,"column":40}},"type":"binary-expr","locations":[{"start":{"line":33,"column":6},"end":{"line":33,"column":26}},{"start":{"line":33,"column":26},"end":{"line":33,"column":40}}],"line":33},"6":{"loc":{"start":{"line":34,"column":2},"end":{"line":34,"column":null}},"type":"if","locations":[{"start":{"line":34,"column":2},"end":{"line":34,"column":null}},{"start":{},"end":{}}],"line":34}},"s":{"0":6,"1":6,"2":6,"3":6,"4":6,"5":6,"6":4,"7":2,"8":2,"9":1,"10":1,"11":1,"12":1,"13":1,"14":6,"15":3,"16":3,"17":1,"18":2,"19":2,"20":1,"21":1},"f":{"0":6,"1":4,"2":1,"3":1,"4":1},"b":{"0":[6,5,4,3],"1":[2,2],"2":[4,3],"3":[3,3],"4":[1,2],"5":[3,2],"6":[1,1]},"meta":{"lastBranch":7,"lastFunction":5,"lastStatement":22,"seen":{"f:7:9:7:22":0,"s:8:23:8:52":0,"s:9:17:9:56":1,"s:10:23:10:71":2,"s:11:16:11:57":3,"s:13:18:13:105":4,"b:13:26:13:46:13:46:13:62:13:62:13:98:13:98:13:105":0,"s:15:2:30:Infinity":5,"f:15:2:15:18":1,"b:16:4:17:Infinity:undefined:undefined:undefined:undefined":1,"s:16:4:17:Infinity":6,"b:16:8:16:28:16:28:16:42":2,"s:17:6:17:Infinity":7,"s:20:4:29:Infinity":8,"f:21:7:21:13":2,"s:22:8:22:Infinity":9,"s:23:8:23:Infinity":10,"s:24:8:24:Infinity":11,"f:26:7:26:14":3,"s:27:8:27:Infinity":12,"s:28:8:28:Infinity":13,"b:32:2:32:Infinity:undefined:undefined:undefined:undefined":3,"s:32:2:32:Infinity":14,"s:32:15:32:Infinity":15,"b:33:2:33:Infinity:undefined:undefined:undefined:undefined":4,"s:33:2:33:Infinity":16,"b:33:6:33:26:33:26:33:40":5,"s:33:40:33:Infinity":17,"b:34:2:34:Infinity:undefined:undefined:undefined:undefined":6,"s:34:2:34:Infinity":18,"s:34:13:34:Infinity":19,"s:37:2:42:Infinity":20,"f:39:14:39:19":4,"s:40:8:40:Infinity":21}}}
}
